app/build/intermediates/manifest_merge_blame_file/debug/manifest-merger-blame-debug-report.txt
1<?xml version="1.0" encoding="utf-8"?>
2<manifest xmlns:android="http://schemas.android.com/apk/res/android"
3    package="com.example.sportmatch"
4    android:versionCode="1"
5    android:versionName="1.0" >
6
7    <uses-sdk
8        android:minSdkVersion="24"
8-->src\main\AndroidManifest.xml
9        android:targetSdkVersion="34" />
9-->src\main\AndroidManifest.xml
10
11    <uses-permission android:name="android.permission.READ_EXTERNAL_STORAGE" />
11-->src\main\AndroidManifest.xml:5:5-80
11-->src\main\AndroidManifest.xml:5:22-77
12    <uses-permission android:name="android.permission.ACCESS_FINE_LOCATION" />
12-->src\main\AndroidManifest.xml:6:5-79
12-->src\main\AndroidManifest.xml:6:22-76
13    <uses-permission android:name="android.permission.ACCESS_COARSE_LOCATION" />
13-->src\main\AndroidManifest.xml:7:5-81
13-->src\main\AndroidManifest.xml:7:22-78
14    <uses-permission android:name="android.permission.INTERNET" />
14-->src\main\AndroidManifest.xml:8:5-67
14-->src\main\AndroidManifest.xml:8:22-64
15    <uses-permission android:name="android.permission.WAKE_LOCK" />
15-->src\main\AndroidManifest.xml:9:5-68
15-->src\main\AndroidManifest.xml:9:22-65
16    <uses-permission android:name="android.permission.VIBRATE" />
16-->src\main\AndroidManifest.xml:10:5-66
16-->src\main\AndroidManifest.xml:10:22-63
17    <uses-permission android:name="android.permission.RECEIVE_BOOT_COMPLETED" />
17-->src\main\AndroidManifest.xml:11:5-81
17-->src\main\AndroidManifest.xml:11:22-78
18    <uses-permission android:name="android.permission.POST_NOTIFICATIONS" />
18-->src\main\AndroidManifest.xml:12:5-76
18-->src\main\AndroidManifest.xml:12:22-74
19    <uses-permission android:name="android.permission.ACCESS_NOTIFICATION_POLICY" />
19-->src\main\AndroidManifest.xml:13:5-85
19-->src\main\AndroidManifest.xml:13:22-82
20
21    <!-- Although the *SdkVersion is captured in gradle build files, this is required for non gradle builds -->
22    <!-- <uses-sdk android:minSdkVersion="14"/> -->
23    <uses-permission android:name="android.permission.ACCESS_NETWORK_STATE" />
23-->[com.google.firebase:firebase-database:20.3.0] AndroidManifest.xml:22:5-79
23-->[com.google.firebase:firebase-database:20.3.0] AndroidManifest.xml:22:22-76
24
25    <uses-feature
25-->[com.google.android.gms:play-services-maps:18.2.0] AndroidManifest.xml:26:5-28:35
26        android:glEsVersion="0x00020000"
26-->[com.google.android.gms:play-services-maps:18.2.0] AndroidManifest.xml:27:9-41
27        android:required="true" />
27-->[com.google.android.gms:play-services-maps:18.2.0] AndroidManifest.xml:28:9-32
28
29    <queries>
29-->[com.google.android.gms:play-services-maps:18.2.0] AndroidManifest.xml:30:5-34:15
30
31        <!-- Needs to be explicitly declared on Android R+ -->
32        <package android:name="com.google.android.apps.maps" />
32-->[com.google.android.gms:play-services-maps:18.2.0] AndroidManifest.xml:33:9-64
32-->[com.google.android.gms:play-services-maps:18.2.0] AndroidManifest.xml:33:18-61
33    </queries> <!-- Required by older versions of Google Play services to create IID tokens -->
34    <uses-permission android:name="com.google.android.c2dm.permission.RECEIVE" />
34-->[com.google.firebase:firebase-messaging:23.4.0] AndroidManifest.xml:26:5-82
34-->[com.google.firebase:firebase-messaging:23.4.0] AndroidManifest.xml:26:22-79
35    <uses-permission android:name="com.google.android.gms.permission.AD_ID" />
35-->[com.google.android.gms:play-services-measurement-api:21.5.0] AndroidManifest.xml:25:5-79
35-->[com.google.android.gms:play-services-measurement-api:21.5.0] AndroidManifest.xml:25:22-76
36    <uses-permission android:name="android.permission.ACCESS_ADSERVICES_ATTRIBUTION" />
36-->[com.google.android.gms:play-services-measurement-api:21.5.0] AndroidManifest.xml:26:5-88
36-->[com.google.android.gms:play-services-measurement-api:21.5.0] AndroidManifest.xml:26:22-85
37    <uses-permission android:name="android.permission.ACCESS_ADSERVICES_AD_ID" />
37-->[com.google.android.gms:play-services-measurement-api:21.5.0] AndroidManifest.xml:27:5-82
37-->[com.google.android.gms:play-services-measurement-api:21.5.0] AndroidManifest.xml:27:22-79
38    <uses-permission android:name="com.google.android.finsky.permission.BIND_GET_INSTALL_REFERRER_SERVICE" />
38-->[com.google.android.gms:play-services-measurement:21.5.0] AndroidManifest.xml:26:5-110
38-->[com.google.android.gms:play-services-measurement:21.5.0] AndroidManifest.xml:26:22-107
39    <uses-permission android:name="com.google.android.providers.gsf.permission.READ_GSERVICES" />
39-->[com.google.android.recaptcha:recaptcha:18.4.0] AndroidManifest.xml:9:5-98
39-->[com.google.android.recaptcha:recaptcha:18.4.0] AndroidManifest.xml:9:22-95
40
41    <permission
41-->[androidx.core:core:1.9.0] AndroidManifest.xml:22:5-24:47
42        android:name="com.example.sportmatch.DYNAMIC_RECEIVER_NOT_EXPORTED_PERMISSION"
42-->[androidx.core:core:1.9.0] AndroidManifest.xml:23:9-81
43        android:protectionLevel="signature" />
43-->[androidx.core:core:1.9.0] AndroidManifest.xml:24:9-44
44
45    <uses-permission android:name="com.example.sportmatch.DYNAMIC_RECEIVER_NOT_EXPORTED_PERMISSION" />
45-->[androidx.core:core:1.9.0] AndroidManifest.xml:26:5-97
45-->[androidx.core:core:1.9.0] AndroidManifest.xml:26:22-94
46
47    <application
47-->src\main\AndroidManifest.xml:15:5-122:19
48        android:allowBackup="true"
48-->src\main\AndroidManifest.xml:16:9-35
49        android:appComponentFactory="androidx.core.app.CoreComponentFactory"
49-->[androidx.core:core:1.9.0] AndroidManifest.xml:28:18-86
50        android:dataExtractionRules="@xml/data_extraction_rules"
50-->src\main\AndroidManifest.xml:17:9-65
51        android:debuggable="true"
52        android:extractNativeLibs="false"
53        android:fullBackupContent="@xml/backup_rules"
53-->src\main\AndroidManifest.xml:18:9-54
54        android:icon="@mipmap/ic_launcher"
54-->src\main\AndroidManifest.xml:19:9-43
55        android:label="@string/app_name"
55-->src\main\AndroidManifest.xml:20:9-41
56        android:supportsRtl="true"
56-->src\main\AndroidManifest.xml:21:9-35
57        android:testOnly="true"
58        android:theme="@style/Theme.SportMatch" >
58-->src\main\AndroidManifest.xml:22:9-48
59        <activity
59-->src\main\AndroidManifest.xml:24:9-33:20
60            android:name="com.example.sportmatch.StartActivity"
60-->src\main\AndroidManifest.xml:25:13-42
61            android:exported="true"
61-->src\main\AndroidManifest.xml:26:13-36
62            android:theme="@style/Theme.SportMatch1" >
62-->src\main\AndroidManifest.xml:27:13-53
63            <intent-filter>
63-->src\main\AndroidManifest.xml:28:13-32:29
64                <action android:name="android.intent.action.MAIN" />
64-->src\main\AndroidManifest.xml:29:17-69
64-->src\main\AndroidManifest.xml:29:25-66
65
66                <category android:name="android.intent.category.LAUNCHER" />
66-->src\main\AndroidManifest.xml:31:17-77
66-->src\main\AndroidManifest.xml:31:27-74
67            </intent-filter>
68        </activity>
69
70        <meta-data
70-->src\main\AndroidManifest.xml:35:9-37:71
71            android:name="com.google.android.geo.API_KEY"
71-->src\main\AndroidManifest.xml:36:13-58
72            android:value="AIzaSyBBpdyoNxtLFiq0kTs8yaw80I7GjG8QBGE" />
72-->src\main\AndroidManifest.xml:37:13-68
73
74        <activity
74-->src\main\AndroidManifest.xml:39:9-42:59
75            android:name="com.example.sportmatch.MapsActivity"
75-->src\main\AndroidManifest.xml:40:13-41
76            android:exported="false"
76-->src\main\AndroidManifest.xml:41:13-37
77            android:label="@string/title_activity_maps" />
77-->src\main\AndroidManifest.xml:42:13-56
78        <activity
78-->src\main\AndroidManifest.xml:43:9-45:55
79            android:name="com.example.sportmatch.ChatActivity"
79-->src\main\AndroidManifest.xml:44:13-41
80            android:windowSoftInputMode="adjustPan" />
80-->src\main\AndroidManifest.xml:45:13-52
81        <activity
81-->src\main\AndroidManifest.xml:46:9-48:40
82            android:name="com.example.sportmatch.ViewProfileActivity"
82-->src\main\AndroidManifest.xml:47:13-48
83            android:exported="false" />
83-->src\main\AndroidManifest.xml:48:13-37
84        <activity
84-->src\main\AndroidManifest.xml:49:9-51:40
85            android:name="com.example.sportmatch.OnlyParticipatesEvents"
85-->src\main\AndroidManifest.xml:50:13-51
86            android:exported="false" />
86-->src\main\AndroidManifest.xml:51:13-37
87        <activity
87-->src\main\AndroidManifest.xml:52:9-54:40
88            android:name="com.example.sportmatch.AdminEventsActivity"
88-->src\main\AndroidManifest.xml:53:13-48
89            android:exported="false" />
89-->src\main\AndroidManifest.xml:54:13-37
90        <activity
90-->src\main\AndroidManifest.xml:55:9-57:40
91            android:name="com.example.sportmatch.BottomNavActivity"
91-->src\main\AndroidManifest.xml:56:13-46
92            android:exported="false" />
92-->src\main\AndroidManifest.xml:57:13-37
93        <activity
93-->src\main\AndroidManifest.xml:58:9-60:40
94            android:name="com.example.sportmatch.EditProfileActivity"
94-->src\main\AndroidManifest.xml:59:13-48
95            android:exported="false" />
95-->src\main\AndroidManifest.xml:60:13-37
96        <activity
96-->src\main\AndroidManifest.xml:61:9-63:40
97            android:name="com.example.sportmatch.ProfileActivity"
97-->src\main\AndroidManifest.xml:62:13-44
98            android:exported="false" />
98-->src\main\AndroidManifest.xml:63:13-37
99        <activity
99-->src\main\AndroidManifest.xml:64:9-68:67
100            android:name="com.example.sportmatch.MenuActivity"
100-->src\main\AndroidManifest.xml:65:13-41
101            android:exported="false"
101-->src\main\AndroidManifest.xml:66:13-37
102            android:label="@string/title_activity_menu"
102-->src\main\AndroidManifest.xml:67:13-56
103            android:theme="@style/Theme.SportMatch.NoActionBar" />
103-->src\main\AndroidManifest.xml:68:13-64
104        <activity
104-->src\main\AndroidManifest.xml:69:9-72:40
105            android:name="com.example.sportmatch.RegisterActivity"
105-->src\main\AndroidManifest.xml:70:13-45
106            android:exported="false"
106-->src\main\AndroidManifest.xml:72:13-37
107            android:windowSoftInputMode="adjustPan" />
107-->src\main\AndroidManifest.xml:71:13-52
108        <activity
108-->src\main\AndroidManifest.xml:73:9-75:40
109            android:name="com.example.sportmatch.LoginActivity"
109-->src\main\AndroidManifest.xml:74:13-42
110            android:exported="false" />
110-->src\main\AndroidManifest.xml:75:13-37
111        <activity
111-->src\main\AndroidManifest.xml:76:9-78:40
112            android:name="com.example.sportmatch.CreateEventActivity"
112-->src\main\AndroidManifest.xml:77:13-48
113            android:exported="false" />
113-->src\main\AndroidManifest.xml:78:13-37
114        <activity
114-->src\main\AndroidManifest.xml:79:9-81:40
115            android:name="com.example.sportmatch.EventDetailsActivity"
115-->src\main\AndroidManifest.xml:80:13-49
116            android:exported="false" />
116-->src\main\AndroidManifest.xml:81:13-37
117        <activity
117-->src\main\AndroidManifest.xml:82:9-84:40
118            android:name="com.example.sportmatch.EventDetailsAdminActivity"
118-->src\main\AndroidManifest.xml:83:13-54
119            android:exported="false" />
119-->src\main\AndroidManifest.xml:84:13-37
120        <activity
120-->src\main\AndroidManifest.xml:85:9-87:40
121            android:name="com.example.sportmatch.EventdetailsParticipantActivity"
121-->src\main\AndroidManifest.xml:86:13-60
122            android:exported="false" />
122-->src\main\AndroidManifest.xml:87:13-37
123        <activity
123-->src\main\AndroidManifest.xml:88:9-90:40
124            android:name="com.example.sportmatch.EventPreview"
124-->src\main\AndroidManifest.xml:89:13-41
125            android:exported="false" />
125-->src\main\AndroidManifest.xml:90:13-37
126        <activity
126-->src\main\AndroidManifest.xml:91:9-94:57
127            android:name="com.example.sportmatch.ParticipantActivity"
127-->src\main\AndroidManifest.xml:92:13-48
128            android:exported="false"
128-->src\main\AndroidManifest.xml:93:13-37
129            android:theme="@style/DialogActivityTheme" />
129-->src\main\AndroidManifest.xml:94:13-55
130        <activity
130-->src\main\AndroidManifest.xml:95:9-97:40
131            android:name="com.example.sportmatch.OtherProfileActivity"
131-->src\main\AndroidManifest.xml:96:13-49
132            android:exported="false" />
132-->src\main\AndroidManifest.xml:97:13-37
133        <activity
133-->src\main\AndroidManifest.xml:98:9-101:58
134            android:name="com.example.sportmatch.RequestActivity"
134-->src\main\AndroidManifest.xml:99:13-44
135            android:exported="false"
135-->src\main\AndroidManifest.xml:100:13-37
136            android:theme="@style/DialogActivityTheme" />
136-->src\main\AndroidManifest.xml:101:13-55
137        <activity
137-->src\main\AndroidManifest.xml:103:9-105:40
138            android:name="com.example.sportmatch.EditEventDetails"
138-->src\main\AndroidManifest.xml:104:13-45
139            android:exported="false" />
139-->src\main\AndroidManifest.xml:105:13-37
140        <activity
140-->src\main\AndroidManifest.xml:106:9-109:20
141            android:name="com.example.sportmatch.MainActivity"
141-->src\main\AndroidManifest.xml:107:13-41
142            android:exported="false" >
142-->src\main\AndroidManifest.xml:108:13-37
143        </activity>
144
145        <meta-data
145-->src\main\AndroidManifest.xml:111:9-113:57
146            android:name="preloaded_fonts"
146-->src\main\AndroidManifest.xml:112:13-43
147            android:resource="@array/preloaded_fonts" />
147-->src\main\AndroidManifest.xml:113:13-54
148
149        <service
149-->src\main\AndroidManifest.xml:115:9-121:19
150            android:name="com.example.sportmatch.MyFirebaseMessagingService"
150-->src\main\AndroidManifest.xml:116:13-55
151            android:exported="false" >
151-->src\main\AndroidManifest.xml:117:13-37
152            <intent-filter>
152-->src\main\AndroidManifest.xml:118:13-120:29
153                <action android:name="com.google.firebase.MESSAGING_EVENT" />
153-->src\main\AndroidManifest.xml:119:17-78
153-->src\main\AndroidManifest.xml:119:25-75
154            </intent-filter>
155        </service>
156        <service
156-->[com.google.firebase:firebase-database-ktx:20.3.0] AndroidManifest.xml:9:9-15:19
157            android:name="com.google.firebase.components.ComponentDiscoveryService"
157-->[com.google.firebase:firebase-database-ktx:20.3.0] AndroidManifest.xml:10:13-84
158            android:directBootAware="true"
158-->[com.google.firebase:firebase-common:20.4.2] AndroidManifest.xml:32:13-43
159            android:exported="false" >
159-->[com.google.firebase:firebase-database-ktx:20.3.0] AndroidManifest.xml:11:13-37
160            <meta-data
160-->[com.google.firebase:firebase-database-ktx:20.3.0] AndroidManifest.xml:12:13-14:85
161                android:name="com.google.firebase.components:com.google.firebase.database.ktx.FirebaseDatabaseLegacyRegistrar"
161-->[com.google.firebase:firebase-database-ktx:20.3.0] AndroidManifest.xml:13:17-127
162                android:value="com.google.firebase.components.ComponentRegistrar" />
162-->[com.google.firebase:firebase-database-ktx:20.3.0] AndroidManifest.xml:14:17-82
163            <meta-data
163-->[com.google.firebase:firebase-database:20.3.0] AndroidManifest.xml:29:13-31:85
164                android:name="com.google.firebase.components:com.google.firebase.database.FirebaseDatabaseKtxRegistrar"
164-->[com.google.firebase:firebase-database:20.3.0] AndroidManifest.xml:30:17-120
165                android:value="com.google.firebase.components.ComponentRegistrar" />
165-->[com.google.firebase:firebase-database:20.3.0] AndroidManifest.xml:31:17-82
166            <meta-data
166-->[com.google.firebase:firebase-database:20.3.0] AndroidManifest.xml:32:13-34:85
167                android:name="com.google.firebase.components:com.google.firebase.database.DatabaseRegistrar"
167-->[com.google.firebase:firebase-database:20.3.0] AndroidManifest.xml:33:17-109
168                android:value="com.google.firebase.components.ComponentRegistrar" />
168-->[com.google.firebase:firebase-database:20.3.0] AndroidManifest.xml:34:17-82
169            <meta-data
169-->[com.google.firebase:firebase-auth:22.3.1] AndroidManifest.xml:69:13-71:85
170                android:name="com.google.firebase.components:com.google.firebase.auth.FirebaseAuthRegistrar"
170-->[com.google.firebase:firebase-auth:22.3.1] AndroidManifest.xml:70:17-109
171                android:value="com.google.firebase.components.ComponentRegistrar" />
171-->[com.google.firebase:firebase-auth:22.3.1] AndroidManifest.xml:71:17-82
172            <meta-data
172-->[com.google.firebase:firebase-storage-ktx:20.3.0] AndroidManifest.xml:12:13-14:85
173                android:name="com.google.firebase.components:com.google.firebase.storage.ktx.FirebaseStorageLegacyRegistrar"
173-->[com.google.firebase:firebase-storage-ktx:20.3.0] AndroidManifest.xml:13:17-125
174                android:value="com.google.firebase.components.ComponentRegistrar" />
174-->[com.google.firebase:firebase-storage-ktx:20.3.0] AndroidManifest.xml:14:17-82
175            <meta-data
175-->[com.google.firebase:firebase-messaging:23.4.0] AndroidManifest.xml:57:13-59:85
176                android:name="com.google.firebase.components:com.google.firebase.messaging.FirebaseMessagingKtxRegistrar"
176-->[com.google.firebase:firebase-messaging:23.4.0] AndroidManifest.xml:58:17-122
177                android:value="com.google.firebase.components.ComponentRegistrar" />
177-->[com.google.firebase:firebase-messaging:23.4.0] AndroidManifest.xml:59:17-82
178            <meta-data
178-->[com.google.firebase:firebase-messaging:23.4.0] AndroidManifest.xml:60:13-62:85
179                android:name="com.google.firebase.components:com.google.firebase.messaging.FirebaseMessagingRegistrar"
179-->[com.google.firebase:firebase-messaging:23.4.0] AndroidManifest.xml:61:17-119
180                android:value="com.google.firebase.components.ComponentRegistrar" />
180-->[com.google.firebase:firebase-messaging:23.4.0] AndroidManifest.xml:62:17-82
181            <meta-data
181-->[com.google.firebase:firebase-storage:20.3.0] AndroidManifest.xml:30:13-32:85
182                android:name="com.google.firebase.components:com.google.firebase.storage.FirebaseStorageKtxRegistrar"
182-->[com.google.firebase:firebase-storage:20.3.0] AndroidManifest.xml:31:17-118
183                android:value="com.google.firebase.components.ComponentRegistrar" />
183-->[com.google.firebase:firebase-storage:20.3.0] AndroidManifest.xml:32:17-82
184            <meta-data
184-->[com.google.firebase:firebase-storage:20.3.0] AndroidManifest.xml:33:13-35:85
185                android:name="com.google.firebase.components:com.google.firebase.storage.StorageRegistrar"
185-->[com.google.firebase:firebase-storage:20.3.0] AndroidManifest.xml:34:17-107
186                android:value="com.google.firebase.components.ComponentRegistrar" />
186-->[com.google.firebase:firebase-storage:20.3.0] AndroidManifest.xml:35:17-82
187            <meta-data
187-->[com.google.firebase:firebase-appcheck:17.1.1] AndroidManifest.xml:25:13-27:85
188                android:name="com.google.firebase.components:com.google.firebase.appcheck.FirebaseAppCheckKtxRegistrar"
188-->[com.google.firebase:firebase-appcheck:17.1.1] AndroidManifest.xml:26:17-120
189                android:value="com.google.firebase.components.ComponentRegistrar" />
189-->[com.google.firebase:firebase-appcheck:17.1.1] AndroidManifest.xml:27:17-82
190            <meta-data
190-->[com.google.firebase:firebase-appcheck:17.1.1] AndroidManifest.xml:28:13-30:85
191                android:name="com.google.firebase.components:com.google.firebase.appcheck.FirebaseAppCheckRegistrar"
191-->[com.google.firebase:firebase-appcheck:17.1.1] AndroidManifest.xml:29:17-117
192                android:value="com.google.firebase.components.ComponentRegistrar" />
192-->[com.google.firebase:firebase-appcheck:17.1.1] AndroidManifest.xml:30:17-82
193            <meta-data
193-->[com.google.firebase:firebase-datatransport:18.1.7] AndroidManifest.xml:27:13-29:85
194                android:name="com.google.firebase.components:com.google.firebase.datatransport.TransportRegistrar"
194-->[com.google.firebase:firebase-datatransport:18.1.7] AndroidManifest.xml:28:17-115
195                android:value="com.google.firebase.components.ComponentRegistrar" />
195-->[com.google.firebase:firebase-datatransport:18.1.7] AndroidManifest.xml:29:17-82
196            <meta-data
196-->[com.google.android.gms:play-services-measurement-api:21.5.0] AndroidManifest.xml:37:13-39:85
197                android:name="com.google.firebase.components:com.google.firebase.analytics.connector.internal.AnalyticsConnectorRegistrar"
197-->[com.google.android.gms:play-services-measurement-api:21.5.0] AndroidManifest.xml:38:17-139
198                android:value="com.google.firebase.components.ComponentRegistrar" />
198-->[com.google.android.gms:play-services-measurement-api:21.5.0] AndroidManifest.xml:39:17-82
199            <meta-data
199-->[com.google.firebase:firebase-installations:17.2.0] AndroidManifest.xml:15:13-17:85
200                android:name="com.google.firebase.components:com.google.firebase.installations.FirebaseInstallationsKtxRegistrar"
200-->[com.google.firebase:firebase-installations:17.2.0] AndroidManifest.xml:16:17-130
201                android:value="com.google.firebase.components.ComponentRegistrar" />
201-->[com.google.firebase:firebase-installations:17.2.0] AndroidManifest.xml:17:17-82
202            <meta-data
202-->[com.google.firebase:firebase-installations:17.2.0] AndroidManifest.xml:18:13-20:85
203                android:name="com.google.firebase.components:com.google.firebase.installations.FirebaseInstallationsRegistrar"
203-->[com.google.firebase:firebase-installations:17.2.0] AndroidManifest.xml:19:17-127
204                android:value="com.google.firebase.components.ComponentRegistrar" />
204-->[com.google.firebase:firebase-installations:17.2.0] AndroidManifest.xml:20:17-82
205            <meta-data
205-->[com.google.firebase:firebase-common-ktx:20.4.2] AndroidManifest.xml:12:13-14:85
206                android:name="com.google.firebase.components:com.google.firebase.ktx.FirebaseCommonLegacyRegistrar"
206-->[com.google.firebase:firebase-common-ktx:20.4.2] AndroidManifest.xml:13:17-116
207                android:value="com.google.firebase.components.ComponentRegistrar" />
207-->[com.google.firebase:firebase-common-ktx:20.4.2] AndroidManifest.xml:14:17-82
208            <meta-data
208-->[com.google.firebase:firebase-common:20.4.2] AndroidManifest.xml:35:13-37:85
209                android:name="com.google.firebase.components:com.google.firebase.FirebaseCommonKtxRegistrar"
209-->[com.google.firebase:firebase-common:20.4.2] AndroidManifest.xml:36:17-109
210                android:value="com.google.firebase.components.ComponentRegistrar" />
210-->[com.google.firebase:firebase-common:20.4.2] AndroidManifest.xml:37:17-82
211        </service>
212
213        <activity
213-->[com.google.firebase:firebase-auth:22.3.1] AndroidManifest.xml:29:9-46:20
214            android:name="com.google.firebase.auth.internal.GenericIdpActivity"
214-->[com.google.firebase:firebase-auth:22.3.1] AndroidManifest.xml:30:13-80
215            android:excludeFromRecents="true"
215-->[com.google.firebase:firebase-auth:22.3.1] AndroidManifest.xml:31:13-46
216            android:exported="true"
216-->[com.google.firebase:firebase-auth:22.3.1] AndroidManifest.xml:32:13-36
217            android:launchMode="singleTask"
217-->[com.google.firebase:firebase-auth:22.3.1] AndroidManifest.xml:33:13-44
218            android:theme="@android:style/Theme.Translucent.NoTitleBar" >
218-->[com.google.firebase:firebase-auth:22.3.1] AndroidManifest.xml:34:13-72
219            <intent-filter>
219-->[com.google.firebase:firebase-auth:22.3.1] AndroidManifest.xml:35:13-45:29
220                <action android:name="android.intent.action.VIEW" />
220-->[com.google.firebase:firebase-auth:22.3.1] AndroidManifest.xml:36:17-69
220-->[com.google.firebase:firebase-auth:22.3.1] AndroidManifest.xml:36:25-66
221
222                <category android:name="android.intent.category.DEFAULT" />
222-->[com.google.firebase:firebase-auth:22.3.1] AndroidManifest.xml:38:17-76
222-->[com.google.firebase:firebase-auth:22.3.1] AndroidManifest.xml:38:27-73
223                <category android:name="android.intent.category.BROWSABLE" />
223-->[com.google.firebase:firebase-auth:22.3.1] AndroidManifest.xml:39:17-78
223-->[com.google.firebase:firebase-auth:22.3.1] AndroidManifest.xml:39:27-75
224
225                <data
225-->[com.google.firebase:firebase-auth:22.3.1] AndroidManifest.xml:41:17-44:51
226                    android:host="firebase.auth"
226-->[com.google.firebase:firebase-auth:22.3.1] AndroidManifest.xml:42:21-49
227                    android:path="/"
227-->[com.google.firebase:firebase-auth:22.3.1] AndroidManifest.xml:43:21-37
228                    android:scheme="genericidp" />
228-->[com.google.firebase:firebase-auth:22.3.1] AndroidManifest.xml:44:21-48
229            </intent-filter>
230        </activity>
231        <activity
231-->[com.google.firebase:firebase-auth:22.3.1] AndroidManifest.xml:47:9-64:20
232            android:name="com.google.firebase.auth.internal.RecaptchaActivity"
232-->[com.google.firebase:firebase-auth:22.3.1] AndroidManifest.xml:48:13-79
233            android:excludeFromRecents="true"
233-->[com.google.firebase:firebase-auth:22.3.1] AndroidManifest.xml:49:13-46
234            android:exported="true"
234-->[com.google.firebase:firebase-auth:22.3.1] AndroidManifest.xml:50:13-36
235            android:launchMode="singleTask"
235-->[com.google.firebase:firebase-auth:22.3.1] AndroidManifest.xml:51:13-44
236            android:theme="@android:style/Theme.Translucent.NoTitleBar" >
236-->[com.google.firebase:firebase-auth:22.3.1] AndroidManifest.xml:52:13-72
237            <intent-filter>
237-->[com.google.firebase:firebase-auth:22.3.1] AndroidManifest.xml:53:13-63:29
238                <action android:name="android.intent.action.VIEW" />
238-->[com.google.firebase:firebase-auth:22.3.1] AndroidManifest.xml:36:17-69
238-->[com.google.firebase:firebase-auth:22.3.1] AndroidManifest.xml:36:25-66
239
240                <category android:name="android.intent.category.DEFAULT" />
240-->[com.google.firebase:firebase-auth:22.3.1] AndroidManifest.xml:38:17-76
240-->[com.google.firebase:firebase-auth:22.3.1] AndroidManifest.xml:38:27-73
241                <category android:name="android.intent.category.BROWSABLE" />
241-->[com.google.firebase:firebase-auth:22.3.1] AndroidManifest.xml:39:17-78
241-->[com.google.firebase:firebase-auth:22.3.1] AndroidManifest.xml:39:27-75
242
243                <data
243-->[com.google.firebase:firebase-auth:22.3.1] AndroidManifest.xml:41:17-44:51
244                    android:host="firebase.auth"
244-->[com.google.firebase:firebase-auth:22.3.1] AndroidManifest.xml:42:21-49
245                    android:path="/"
245-->[com.google.firebase:firebase-auth:22.3.1] AndroidManifest.xml:43:21-37
246                    android:scheme="recaptcha" />
246-->[com.google.firebase:firebase-auth:22.3.1] AndroidManifest.xml:44:21-48
247            </intent-filter>
248        </activity> <!-- Needs to be explicitly declared on P+ -->
249        <uses-library
249-->[com.google.android.gms:play-services-maps:18.2.0] AndroidManifest.xml:39:9-41:40
250            android:name="org.apache.http.legacy"
250-->[com.google.android.gms:play-services-maps:18.2.0] AndroidManifest.xml:40:13-50
251            android:required="false" />
251-->[com.google.android.gms:play-services-maps:18.2.0] AndroidManifest.xml:41:13-37
252
253        <receiver
253-->[com.google.firebase:firebase-messaging:23.4.0] AndroidManifest.xml:29:9-40:20
254            android:name="com.google.firebase.iid.FirebaseInstanceIdReceiver"
254-->[com.google.firebase:firebase-messaging:23.4.0] AndroidManifest.xml:30:13-78
255            android:exported="true"
255-->[com.google.firebase:firebase-messaging:23.4.0] AndroidManifest.xml:31:13-36
256            android:permission="com.google.android.c2dm.permission.SEND" >
256-->[com.google.firebase:firebase-messaging:23.4.0] AndroidManifest.xml:32:13-73
257            <intent-filter>
257-->[com.google.firebase:firebase-messaging:23.4.0] AndroidManifest.xml:33:13-35:29
258                <action android:name="com.google.android.c2dm.intent.RECEIVE" />
258-->[com.google.firebase:firebase-messaging:23.4.0] AndroidManifest.xml:34:17-81
258-->[com.google.firebase:firebase-messaging:23.4.0] AndroidManifest.xml:34:25-78
259            </intent-filter>
260
261            <meta-data
261-->[com.google.firebase:firebase-messaging:23.4.0] AndroidManifest.xml:37:13-39:40
262                android:name="com.google.android.gms.cloudmessaging.FINISHED_AFTER_HANDLED"
262-->[com.google.firebase:firebase-messaging:23.4.0] AndroidManifest.xml:38:17-92
263                android:value="true" />
263-->[com.google.firebase:firebase-messaging:23.4.0] AndroidManifest.xml:39:17-37
264        </receiver>
265        <!--
266             FirebaseMessagingService performs security checks at runtime,
267             but set to not exported to explicitly avoid allowing another app to call it.
268        -->
269        <service
269-->[com.google.firebase:firebase-messaging:23.4.0] AndroidManifest.xml:46:9-53:19
270            android:name="com.google.firebase.messaging.FirebaseMessagingService"